2018-06-22 10:44:49.671  INFO  com.hangxin.SpringBootAdminApplication : Starting SpringBootAdminApplication on DESKTOP-TEAMV03 with PID 11884 (D:\workspace_qyht\JFinal\spring-boot-hangxin\target\classes started by Lenovo in D:\workspace_qyht\JFinal\spring-boot-hangxin)
2018-06-22 10:44:49.675  INFO  com.hangxin.SpringBootAdminApplication : No active profile set, falling back to default profiles: default
2018-06-22 10:44:49.803  INFO  org.springframework.boot.web.servlet.context.AnnotationConfigServletWebServerApplicationContext : Refreshing org.springframework.boot.web.servlet.context.AnnotationConfigServletWebServerApplicationContext@6302bbb1: startup date [Fri Jun 22 10:44:49 CST 2018]; root of context hierarchy
2018-06-22 10:44:51.765  WARN  org.mybatis.spring.mapper.ClassPathMapperScanner : No MyBatis mapper was found in '[com.hangxin]' package. Please check your configuration.
2018-06-22 10:44:51.908  INFO  org.springframework.data.repository.config.RepositoryConfigurationDelegate : Multiple Spring Data modules found, entering strict repository configuration mode!
2018-06-22 10:44:52.081  INFO  org.springframework.integration.config.IntegrationRegistrar : No bean named 'integrationHeaderChannelRegistry' has been explicitly defined. Therefore, a default DefaultHeaderChannelRegistry will be created.
2018-06-22 10:44:52.275  WARN  org.springframework.context.annotation.ConfigurationClassPostProcessor : Cannot enhance @Configuration bean definition 'myBatisMapperScannerConfig' since its singleton instance has been created too early. The typical cause is a non-static @Bean method with a BeanDefinitionRegistryPostProcessor return type: Consider declaring such methods as 'static'.
2018-06-22 10:44:52.669  INFO  org.springframework.integration.config.DefaultConfiguringBeanFactoryPostProcessor : No bean named 'errorChannel' has been explicitly defined. Therefore, a default PublishSubscribeChannel will be created.
2018-06-22 10:44:52.679  INFO  org.springframework.integration.config.DefaultConfiguringBeanFactoryPostProcessor : No bean named 'taskScheduler' has been explicitly defined. Therefore, a default ThreadPoolTaskScheduler will be created.
2018-06-22 10:44:52.700  INFO  org.springframework.beans.factory.annotation.AutowiredAnnotationBeanPostProcessor : JSR-330 'javax.inject.Inject' annotation found and supported for autowiring
2018-06-22 10:44:52.736  INFO  org.springframework.context.support.PostProcessorRegistrationDelegate$BeanPostProcessorChecker : Bean 'shiroConfig' of type [com.hangxin.common.config.ShiroConfig$$EnhancerBySpringCGLIB$$dc7ff269] is not eligible for getting processed by all BeanPostProcessors (for example: not eligible for auto-proxying)
2018-06-22 10:44:52.910  INFO  org.apache.shiro.realm.AuthorizingRealm : No cache or cacheManager properties have been set.  Authorization cache cannot be obtained.
2018-06-22 10:44:52.911  INFO  org.springframework.context.support.PostProcessorRegistrationDelegate$BeanPostProcessorChecker : Bean 'shiroRealm' of type [com.hangxin.shiro.shiro.ShiroDbRealm] is not eligible for getting processed by all BeanPostProcessors (for example: not eligible for auto-proxying)
2018-06-22 10:44:52.929  INFO  org.springframework.context.support.PostProcessorRegistrationDelegate$BeanPostProcessorChecker : Bean 'org.springframework.boot.autoconfigure.data.redis.RedisAutoConfiguration' of type [org.springframework.boot.autoconfigure.data.redis.RedisAutoConfiguration$$EnhancerBySpringCGLIB$$a3e4e3c6] is not eligible for getting processed by all BeanPostProcessors (for example: not eligible for auto-proxying)
2018-06-22 10:44:52.962  INFO  org.springframework.context.support.PostProcessorRegistrationDelegate$BeanPostProcessorChecker : Bean 'org.springframework.boot.context.properties.ConversionServiceDeducer$Factory' of type [org.springframework.boot.context.properties.ConversionServiceDeducer$Factory] is not eligible for getting processed by all BeanPostProcessors (for example: not eligible for auto-proxying)
2018-06-22 10:44:53.049  INFO  org.springframework.context.support.PostProcessorRegistrationDelegate$BeanPostProcessorChecker : Bean 'spring.redis-org.springframework.boot.autoconfigure.data.redis.RedisProperties' of type [org.springframework.boot.autoconfigure.data.redis.RedisProperties] is not eligible for getting processed by all BeanPostProcessors (for example: not eligible for auto-proxying)
2018-06-22 10:44:53.064  INFO  org.springframework.context.support.PostProcessorRegistrationDelegate$BeanPostProcessorChecker : Bean 'org.springframework.boot.autoconfigure.data.redis.JedisConnectionConfiguration' of type [org.springframework.boot.autoconfigure.data.redis.JedisConnectionConfiguration$$EnhancerBySpringCGLIB$$4f896a1f] is not eligible for getting processed by all BeanPostProcessors (for example: not eligible for auto-proxying)
2018-06-22 10:44:53.135  INFO  org.springframework.context.support.PostProcessorRegistrationDelegate$BeanPostProcessorChecker : Bean 'redisConnectionFactory' of type [org.springframework.data.redis.connection.jedis.JedisConnectionFactory] is not eligible for getting processed by all BeanPostProcessors (for example: not eligible for auto-proxying)
2018-06-22 10:44:53.198  INFO  org.springframework.context.support.PostProcessorRegistrationDelegate$BeanPostProcessorChecker : Bean 'redisTemplate' of type [org.springframework.data.redis.core.RedisTemplate] is not eligible for getting processed by all BeanPostProcessors (for example: not eligible for auto-proxying)
2018-06-22 10:44:53.210  INFO  org.springframework.context.support.PostProcessorRegistrationDelegate$BeanPostProcessorChecker : Bean 'shiroRedisCacheManager' of type [com.hangxin.shiro.redis.RedisCacheManager] is not eligible for getting processed by all BeanPostProcessors (for example: not eligible for auto-proxying)
2018-06-22 10:44:53.263  INFO  org.springframework.context.support.PostProcessorRegistrationDelegate$BeanPostProcessorChecker : Bean 'enterpriseSessionDao' of type [org.apache.shiro.session.mgt.eis.EnterpriseCacheSessionDAO] is not eligible for getting processed by all BeanPostProcessors (for example: not eligible for auto-proxying)
2018-06-22 10:44:53.278  INFO  org.springframework.context.support.PostProcessorRegistrationDelegate$BeanPostProcessorChecker : Bean 'sessionManager' of type [com.hangxin.shiro.shiro.QyDefaultWebSessionManager] is not eligible for getting processed by all BeanPostProcessors (for example: not eligible for auto-proxying)
2018-06-22 10:44:53.295  INFO  org.springframework.context.support.PostProcessorRegistrationDelegate$BeanPostProcessorChecker : Bean 'securityManager' of type [org.apache.shiro.web.mgt.DefaultWebSecurityManager] is not eligible for getting processed by all BeanPostProcessors (for example: not eligible for auto-proxying)
2018-06-22 10:44:53.355  INFO  org.springframework.context.support.PostProcessorRegistrationDelegate$BeanPostProcessorChecker : Bean 'customFormAuthenticationFilter' of type [com.hangxin.shiro.shiro.CustomFormAuthenticationFilter] is not eligible for getting processed by all BeanPostProcessors (for example: not eligible for auto-proxying)
2018-06-22 10:44:53.478  INFO  org.springframework.context.support.PostProcessorRegistrationDelegate$BeanPostProcessorChecker : Bean 'getAuthorizationAttributeSourceAdvisor' of type [org.apache.shiro.spring.security.interceptor.AuthorizationAttributeSourceAdvisor] is not eligible for getting processed by all BeanPostProcessors (for example: not eligible for auto-proxying)
2018-06-22 10:44:53.948  INFO  org.springframework.context.support.PostProcessorRegistrationDelegate$BeanPostProcessorChecker : Bean 'myBatisConfig' of type [com.hangxin.common.db.MyBatisConfig$$EnhancerBySpringCGLIB$$eca9e667] is not eligible for getting processed by all BeanPostProcessors (for example: not eligible for auto-proxying)
2018-06-22 10:44:54.126  INFO  com.mchange.v2.log.MLog : MLog clients using slf4j logging.
2018-06-22 10:44:54.542  INFO  com.mchange.v2.c3p0.C3P0Registry : Initializing c3p0-0.9.1.2 [built 21-May-2007 15:04:56; debug? true; trace: 10]
2018-06-22 10:44:54.599  INFO  org.springframework.context.support.PostProcessorRegistrationDelegate$BeanPostProcessorChecker : Bean 'dataSource1' of type [com.mchange.v2.c3p0.ComboPooledDataSource] is not eligible for getting processed by all BeanPostProcessors (for example: not eligible for auto-proxying)
2018-06-22 10:44:54.731  INFO  org.springframework.context.support.PostProcessorRegistrationDelegate$BeanPostProcessorChecker : Bean 'spring.datasource-org.springframework.boot.autoconfigure.jdbc.DataSourceProperties' of type [org.springframework.boot.autoconfigure.jdbc.DataSourceProperties] is not eligible for getting processed by all BeanPostProcessors (for example: not eligible for auto-proxying)
2018-06-22 10:44:54.772  INFO  org.springframework.context.support.PostProcessorRegistrationDelegate$BeanPostProcessorChecker : Bean 'org.springframework.boot.autoconfigure.jdbc.DataSourceInitializerInvoker' of type [org.springframework.boot.autoconfigure.jdbc.DataSourceInitializerInvoker] is not eligible for getting processed by all BeanPostProcessors (for example: not eligible for auto-proxying)
2018-06-22 10:44:54.788  INFO  org.springframework.context.support.PostProcessorRegistrationDelegate$BeanPostProcessorChecker : Bean 'annotationDrivenTransactionManager' of type [org.springframework.jdbc.datasource.DataSourceTransactionManager] is not eligible for getting processed by all BeanPostProcessors (for example: not eligible for auto-proxying)
2018-06-22 10:44:54.805  INFO  org.springframework.context.support.PostProcessorRegistrationDelegate$BeanPostProcessorChecker : Bean 'org.springframework.transaction.annotation.ProxyTransactionManagementConfiguration' of type [org.springframework.transaction.annotation.ProxyTransactionManagementConfiguration$$EnhancerBySpringCGLIB$$ae4db88a] is not eligible for getting processed by all BeanPostProcessors (for example: not eligible for auto-proxying)
2018-06-22 10:44:54.913  INFO  org.springframework.context.support.PostProcessorRegistrationDelegate$BeanPostProcessorChecker : Bean 'org.springframework.integration.config.IntegrationManagementConfiguration' of type [org.springframework.integration.config.IntegrationManagementConfiguration$$EnhancerBySpringCGLIB$$193f73b9] is not eligible for getting processed by all BeanPostProcessors (for example: not eligible for auto-proxying)
2018-06-22 10:44:55.056  INFO  org.springframework.context.support.PostProcessorRegistrationDelegate$BeanPostProcessorChecker : Bean 'org.springframework.integration.dsl.context.IntegrationFlowContext' of type [org.springframework.integration.dsl.context.IntegrationFlowContext] is not eligible for getting processed by all BeanPostProcessors (for example: not eligible for auto-proxying)
2018-06-22 10:44:55.563  INFO  org.eclipse.jetty.util.log : Logging initialized @7896ms to org.eclipse.jetty.util.log.Slf4jLog
2018-06-22 10:44:55.909  INFO  org.springframework.boot.web.embedded.jetty.JettyServletWebServerFactory : Server initialized with port: 9014
2018-06-22 10:44:55.913  INFO  org.eclipse.jetty.server.Server : jetty-9.4.11.v20180605; built: 2018-06-05T18:24:03.829Z; git: d5fc0523cfa96bfebfbda19606cad384d772f04c; jvm 1.8.0_152-b16
2018-06-22 10:44:56.334  INFO  org.eclipse.jetty.server.session : DefaultSessionIdManager workerName=node0
2018-06-22 10:44:56.334  INFO  org.eclipse.jetty.server.session : No SessionScavenger set, using defaults
2018-06-22 10:44:56.342  INFO  org.eclipse.jetty.server.session : node0 Scavenging every 660000ms
2018-06-22 10:44:56.373  INFO  org.eclipse.jetty.server.handler.ContextHandler.application : Initializing Spring embedded WebApplicationContext
2018-06-22 10:44:56.373  INFO  org.springframework.web.context.ContextLoader : Root WebApplicationContext: initialization completed in 6571 ms
2018-06-22 10:44:57.021  INFO  org.springframework.boot.web.servlet.FilterRegistrationBean : Mapping filter: 'characterEncodingFilter' to: [/*]
2018-06-22 10:44:57.022  INFO  org.springframework.boot.web.servlet.FilterRegistrationBean : Mapping filter: 'hiddenHttpMethodFilter' to: [/*]
2018-06-22 10:44:57.022  INFO  org.springframework.boot.web.servlet.FilterRegistrationBean : Mapping filter: 'httpPutFormContentFilter' to: [/*]
2018-06-22 10:44:57.022  INFO  org.springframework.boot.web.servlet.FilterRegistrationBean : Mapping filter: 'requestContextFilter' to: [/*]
2018-06-22 10:44:57.023  INFO  org.springframework.boot.web.servlet.FilterRegistrationBean : Mapping filter: 'xssFilter' to urls: [/*]
2018-06-22 10:44:57.023  INFO  org.springframework.boot.web.servlet.FilterRegistrationBean : Mapping filter: 'delegatingFilterProxy' to urls: [/*]
2018-06-22 10:44:57.023  INFO  org.springframework.boot.web.servlet.FilterRegistrationBean : Mapping filter: 'customFormAuthenticationFilter' to: [/*]
2018-06-22 10:44:57.024  INFO  org.springframework.boot.web.servlet.FilterRegistrationBean : Mapping filter: 'shiroFilter' to: [/*]
2018-06-22 10:44:57.024  INFO  org.springframework.boot.web.servlet.ServletRegistrationBean : Servlet dispatcherServlet mapped to [/]
2018-06-22 10:44:57.032  INFO  org.eclipse.jetty.server.handler.ContextHandler : Started o.s.b.w.e.j.JettyEmbeddedWebAppContext@66f5a02e{application,/,[file:///C:/Users/Lenovo/AppData/Local/Temp/jetty-docbase.8770314976254873733.9014/, jar:file:/C:/Users/Lenovo/.m2/repository/io/springfox/springfox-swagger-ui/2.4.0/springfox-swagger-ui-2.4.0.jar!/META-INF/resources],AVAILABLE}
2018-06-22 10:44:57.033  INFO  org.eclipse.jetty.server.Server : Started @9367ms
2018-06-22 10:44:57.199  INFO  com.hangxin.common.redis.RedisClientPool : ****初始化Redis客户端****
2018-06-22 10:44:57.200  INFO  com.hangxin.common.redis.RedisClientPool : Redis服务器地址：127.0.0.1:6379
2018-06-22 10:44:58.903  INFO  org.springframework.web.servlet.mvc.method.annotation.RequestMappingHandlerMapping : Mapped "{[/hello],methods=[POST]}" onto public java.lang.String com.hangxin.controller.HelloWorldController.hello()
2018-06-22 10:44:58.905  INFO  org.springframework.web.servlet.mvc.method.annotation.RequestMappingHandlerMapping : Mapped "{[/jenkins],methods=[POST]}" onto public java.lang.String com.hangxin.controller.JenkinsController.JenkinsName()
2018-06-22 10:44:58.906  INFO  org.springframework.web.servlet.mvc.method.annotation.RequestMappingHandlerMapping : Mapped "{[/peopleInsertXml],methods=[POST]}" onto public com.hangxin.basic.Result com.hangxin.controller.PeopleController.peopleInserXml(java.lang.String) throws java.lang.Exception
2018-06-22 10:44:58.907  INFO  org.springframework.web.servlet.mvc.method.annotation.RequestMappingHandlerMapping : Mapped "{[/getPeopleInfo],methods=[POST]}" onto public com.hangxin.basic.Result com.hangxin.controller.PeopleController.getPeopleInfo() throws java.lang.Exception
2018-06-22 10:44:58.907  INFO  org.springframework.web.servlet.mvc.method.annotation.RequestMappingHandlerMapping : Mapped "{[/peopleInsert],methods=[POST]}" onto public com.hangxin.basic.Result com.hangxin.controller.PeopleController.peopleInsert() throws java.lang.Exception
2018-06-22 10:44:58.908  INFO  org.springframework.web.servlet.mvc.method.annotation.RequestMappingHandlerMapping : Mapped "{[/getPeopleInfoFromCache],methods=[POST]}" onto public com.hangxin.basic.Result com.hangxin.controller.PeopleController.getPeopleInfoFromCache() throws java.lang.Exception
2018-06-22 10:44:58.909  INFO  org.springframework.web.servlet.mvc.method.annotation.RequestMappingHandlerMapping : Mapped "{[/showApi]}" onto public java.lang.String com.hangxin.controller.SwaggerController.showApi()
2018-06-22 10:44:58.911  INFO  org.springframework.web.servlet.mvc.method.annotation.RequestMappingHandlerMapping : Mapped "{[/v2/api-docs],methods=[GET],produces=[application/json || application/hal+json]}" onto public org.springframework.http.ResponseEntity<springfox.documentation.spring.web.json.Json> springfox.documentation.swagger2.web.Swagger2Controller.getDocumentation(java.lang.String,javax.servlet.http.HttpServletRequest)
2018-06-22 10:44:58.916  INFO  org.springframework.web.servlet.mvc.method.annotation.RequestMappingHandlerMapping : Mapped "{[/configuration/security]}" onto org.springframework.http.ResponseEntity<springfox.documentation.swagger.web.SecurityConfiguration> springfox.documentation.swagger.web.ApiResourceController.securityConfiguration()
2018-06-22 10:44:58.917  INFO  org.springframework.web.servlet.mvc.method.annotation.RequestMappingHandlerMapping : Mapped "{[/swagger-resources]}" onto org.springframework.http.ResponseEntity<java.util.List<springfox.documentation.swagger.web.SwaggerResource>> springfox.documentation.swagger.web.ApiResourceController.swaggerResources()
2018-06-22 10:44:58.919  INFO  org.springframework.web.servlet.mvc.method.annotation.RequestMappingHandlerMapping : Mapped "{[/configuration/ui]}" onto org.springframework.http.ResponseEntity<springfox.documentation.swagger.web.UiConfiguration> springfox.documentation.swagger.web.ApiResourceController.uiConfiguration()
2018-06-22 10:44:58.923  INFO  org.springframework.web.servlet.mvc.method.annotation.RequestMappingHandlerMapping : Mapped "{[/error]}" onto public org.springframework.http.ResponseEntity<java.util.Map<java.lang.String, java.lang.Object>> org.springframework.boot.autoconfigure.web.servlet.error.BasicErrorController.error(javax.servlet.http.HttpServletRequest)
2018-06-22 10:44:58.924  INFO  org.springframework.web.servlet.mvc.method.annotation.RequestMappingHandlerMapping : Mapped "{[/error],produces=[text/html]}" onto public org.springframework.web.servlet.ModelAndView org.springframework.boot.autoconfigure.web.servlet.error.BasicErrorController.errorHtml(javax.servlet.http.HttpServletRequest,javax.servlet.http.HttpServletResponse)
2018-06-22 10:44:59.940  INFO  org.springframework.web.servlet.handler.SimpleUrlHandlerMapping : Mapped URL path [/**/favicon.ico] onto handler of type [class org.springframework.web.servlet.resource.ResourceHttpRequestHandler]
2018-06-22 10:45:00.393  INFO  org.springframework.web.servlet.mvc.method.annotation.RequestMappingHandlerAdapter : Looking for @ControllerAdvice: org.springframework.boot.web.servlet.context.AnnotationConfigServletWebServerApplicationContext@6302bbb1: startup date [Fri Jun 22 10:44:49 CST 2018]; root of context hierarchy
2018-06-22 10:45:00.546  INFO  org.springframework.web.servlet.handler.SimpleUrlHandlerMapping : Mapped URL path [/webjars/**] onto handler of type [class org.springframework.web.servlet.resource.ResourceHttpRequestHandler]
2018-06-22 10:45:00.547  INFO  org.springframework.web.servlet.handler.SimpleUrlHandlerMapping : Mapped URL path [/**] onto handler of type [class org.springframework.web.servlet.resource.ResourceHttpRequestHandler]
2018-06-22 10:45:00.588  INFO  org.springframework.web.servlet.mvc.method.annotation.ExceptionHandlerExceptionResolver : Detected @ExceptionHandler methods in globalExceptionHandler
2018-06-22 10:45:02.112  INFO  org.springframework.ui.freemarker.SpringTemplateLoader : SpringTemplateLoader for FreeMarker: using resource loader [org.springframework.boot.web.servlet.context.AnnotationConfigServletWebServerApplicationContext@6302bbb1: startup date [Fri Jun 22 10:44:49 CST 2018]; root of context hierarchy] and template loader path [classpath:/templates/]
2018-06-22 10:45:02.114  INFO  org.springframework.web.servlet.view.freemarker.FreeMarkerConfigurer : ClassTemplateLoader for Spring macros added to FreeMarker configuration
2018-06-22 10:45:02.171  WARN  org.springframework.boot.autoconfigure.freemarker.FreeMarkerAutoConfiguration : Cannot find template location(s): [classpath:/templates/] (please add some templates, check your FreeMarker configuration, or set spring.freemarker.checkTemplateLocation=false)
2018-06-22 10:45:02.391  INFO  org.springframework.scheduling.concurrent.ThreadPoolTaskScheduler : Initializing ExecutorService  'taskScheduler'
2018-06-22 10:45:02.772  INFO  com.mchange.v2.c3p0.impl.AbstractPoolBackedDataSource : Initializing c3p0 pool... com.mchange.v2.c3p0.ComboPooledDataSource [ acquireIncrement -> 3, acquireRetryAttempts -> 30, acquireRetryDelay -> 1000, autoCommitOnClose -> false, automaticTestTable -> null, breakAfterAcquireFailure -> false, checkoutTimeout -> 0, connectionCustomizerClassName -> null, connectionTesterClassName -> com.mchange.v2.c3p0.impl.DefaultConnectionTester, dataSourceName -> dataSourceKeyRW, debugUnreturnedConnectionStackTraces -> false, description -> null, driverClass -> com.mysql.jdbc.Driver, factoryClassLocation -> null, forceIgnoreUnresolvedTransactions -> false, identityToken -> 1hgepkx9waddpv41a2zndy|161aa04a, idleConnectionTestPeriod -> 0, initialPoolSize -> 20, jdbcUrl -> jdbc:mysql://127.0.0.1:3306/springboot?useUnicode=true&characterEncoding=UTF-8&zeroDateTimeBehavior=convertToNull&allowMultiQueries=true&useSSL=true, maxAdministrativeTaskTime -> 0, maxConnectionAge -> 0, maxIdleTime -> 100, maxIdleTimeExcessConnections -> 0, maxPoolSize -> 50, maxStatements -> 0, maxStatementsPerConnection -> 0, minPoolSize -> 20, numHelperThreads -> 3, numThreadsAwaitingCheckoutDefaultUser -> 0, preferredTestQuery -> null, properties -> {user=******, password=******}, propertyCycle -> 0, testConnectionOnCheckin -> false, testConnectionOnCheckout -> false, unreturnedConnectionTimeout -> 0, usesTraditionalReflectiveProxies -> false ]
2018-06-22 10:45:03.529  INFO  org.quartz.impl.StdSchedulerFactory : Using default implementation for ThreadExecutor
2018-06-22 10:45:03.599  INFO  org.quartz.core.SchedulerSignalerImpl : Initialized Scheduler Signaller of type: class org.quartz.core.SchedulerSignalerImpl
2018-06-22 10:45:03.600  INFO  org.quartz.core.QuartzScheduler : Quartz Scheduler v.2.3.0 created.
2018-06-22 10:45:03.602  INFO  org.quartz.simpl.RAMJobStore : RAMJobStore initialized.
2018-06-22 10:45:03.604  INFO  org.quartz.core.QuartzScheduler : Scheduler meta-data: Quartz Scheduler (v2.3.0) 'quartzScheduler' with instanceId 'NON_CLUSTERED'
  Scheduler class: 'org.quartz.core.QuartzScheduler' - running locally.
  NOT STARTED.
  Currently in standby mode.
  Number of jobs executed: 0
  Using thread pool 'org.quartz.simpl.SimpleThreadPool' - with 10 threads.
  Using job-store 'org.quartz.simpl.RAMJobStore' - which does not support persistence. and is not clustered.

2018-06-22 10:45:03.604  INFO  org.quartz.impl.StdSchedulerFactory : Quartz scheduler 'quartzScheduler' initialized from an externally provided properties instance.
2018-06-22 10:45:03.604  INFO  org.quartz.impl.StdSchedulerFactory : Quartz scheduler version: 2.3.0
2018-06-22 10:45:03.605  INFO  org.quartz.core.QuartzScheduler : JobFactory set to: org.springframework.boot.autoconfigure.quartz.AutowireCapableBeanJobFactory@38667005
2018-06-22 10:45:04.010  INFO  org.springframework.jmx.export.annotation.AnnotationMBeanExporter : Registering beans for JMX exposure on startup
2018-06-22 10:45:04.034  INFO  org.springframework.context.support.DefaultLifecycleProcessor : Starting beans in phase 0
2018-06-22 10:45:04.034  INFO  org.springframework.integration.endpoint.EventDrivenConsumer : Adding {logging-channel-adapter:_org.springframework.integration.errorLogger} as a subscriber to the 'errorChannel' channel
2018-06-22 10:45:04.034  INFO  org.springframework.integration.channel.PublishSubscribeChannel : Channel 'application.errorChannel' has 1 subscriber(s).
2018-06-22 10:45:04.034  INFO  org.springframework.integration.endpoint.EventDrivenConsumer : started _org.springframework.integration.errorLogger
2018-06-22 10:45:04.034  INFO  org.springframework.context.support.DefaultLifecycleProcessor : Starting beans in phase 2147483647
2018-06-22 10:45:04.035  INFO  org.springframework.scheduling.quartz.SchedulerFactoryBean : Starting Quartz Scheduler now
2018-06-22 10:45:04.035  INFO  org.quartz.core.QuartzScheduler : Scheduler quartzScheduler_$_NON_CLUSTERED started.
2018-06-22 10:45:04.046  INFO  springfox.documentation.spring.web.plugins.DocumentationPluginsBootstrapper : Context refreshed
2018-06-22 10:45:04.084  INFO  springfox.documentation.spring.web.plugins.DocumentationPluginsBootstrapper : Found 1 custom documentation plugin(s)
2018-06-22 10:45:04.098  INFO  springfox.documentation.spring.web.scanners.ApiListingReferenceScanner : Scanning for api listing references
2018-06-22 10:45:04.790  INFO  org.eclipse.jetty.server.handler.ContextHandler.application : Initializing Spring FrameworkServlet 'dispatcherServlet'
2018-06-22 10:45:04.791  INFO  org.springframework.web.servlet.DispatcherServlet : FrameworkServlet 'dispatcherServlet': initialization started
2018-06-22 10:45:04.819  INFO  org.springframework.web.servlet.DispatcherServlet : FrameworkServlet 'dispatcherServlet': initialization completed in 28 ms
2018-06-22 10:45:04.969  INFO  org.eclipse.jetty.server.AbstractConnector : Started ServerConnector@fd14789{HTTP/1.1,[http/1.1]}{0.0.0.0:9014}
2018-06-22 10:45:04.984  INFO  org.springframework.boot.web.embedded.jetty.JettyWebServer : Jetty started on port(s) 9014 (http/1.1) with context path '/'
2018-06-22 10:45:04.992  INFO  com.hangxin.SpringBootAdminApplication : Started SpringBootAdminApplication in 16.031 seconds (JVM running for 17.326)
2018-06-22 11:29:47.637  INFO  com.hangxin.SpringBootAdminApplication : Starting SpringBootAdminApplication on DESKTOP-TEAMV03 with PID 16324 (D:\workspace_qyht\JFinal\spring-boot-hangxin\target\classes started by Lenovo in D:\workspace_qyht\JFinal\spring-boot-hangxin)
2018-06-22 11:29:47.676  INFO  com.hangxin.SpringBootAdminApplication : No active profile set, falling back to default profiles: default
2018-06-22 11:29:47.789  INFO  org.springframework.boot.web.servlet.context.AnnotationConfigServletWebServerApplicationContext : Refreshing org.springframework.boot.web.servlet.context.AnnotationConfigServletWebServerApplicationContext@409bf450: startup date [Fri Jun 22 11:29:47 CST 2018]; root of context hierarchy
2018-06-22 11:29:50.194  WARN  org.mybatis.spring.mapper.ClassPathMapperScanner : No MyBatis mapper was found in '[com.hangxin]' package. Please check your configuration.
2018-06-22 11:29:50.316  INFO  org.springframework.data.repository.config.RepositoryConfigurationDelegate : Multiple Spring Data modules found, entering strict repository configuration mode!
2018-06-22 11:29:50.487  INFO  org.springframework.integration.config.IntegrationRegistrar : No bean named 'integrationHeaderChannelRegistry' has been explicitly defined. Therefore, a default DefaultHeaderChannelRegistry will be created.
2018-06-22 11:29:50.712  WARN  org.springframework.context.annotation.ConfigurationClassPostProcessor : Cannot enhance @Configuration bean definition 'myBatisMapperScannerConfig' since its singleton instance has been created too early. The typical cause is a non-static @Bean method with a BeanDefinitionRegistryPostProcessor return type: Consider declaring such methods as 'static'.
2018-06-22 11:29:51.151  INFO  org.springframework.integration.config.DefaultConfiguringBeanFactoryPostProcessor : No bean named 'errorChannel' has been explicitly defined. Therefore, a default PublishSubscribeChannel will be created.
2018-06-22 11:29:51.158  INFO  org.springframework.integration.config.DefaultConfiguringBeanFactoryPostProcessor : No bean named 'taskScheduler' has been explicitly defined. Therefore, a default ThreadPoolTaskScheduler will be created.
2018-06-22 11:29:51.179  INFO  org.springframework.beans.factory.annotation.AutowiredAnnotationBeanPostProcessor : JSR-330 'javax.inject.Inject' annotation found and supported for autowiring
2018-06-22 11:29:51.220  INFO  org.springframework.context.support.PostProcessorRegistrationDelegate$BeanPostProcessorChecker : Bean 'shiroConfig' of type [com.hangxin.common.config.ShiroConfig$$EnhancerBySpringCGLIB$$79890dcd] is not eligible for getting processed by all BeanPostProcessors (for example: not eligible for auto-proxying)
2018-06-22 11:29:51.396  INFO  org.apache.shiro.realm.AuthorizingRealm : No cache or cacheManager properties have been set.  Authorization cache cannot be obtained.
2018-06-22 11:29:51.397  INFO  org.springframework.context.support.PostProcessorRegistrationDelegate$BeanPostProcessorChecker : Bean 'shiroRealm' of type [com.hangxin.shiro.shiro.ShiroDbRealm] is not eligible for getting processed by all BeanPostProcessors (for example: not eligible for auto-proxying)
2018-06-22 11:29:51.422  INFO  org.springframework.context.support.PostProcessorRegistrationDelegate$BeanPostProcessorChecker : Bean 'org.springframework.boot.autoconfigure.data.redis.RedisAutoConfiguration' of type [org.springframework.boot.autoconfigure.data.redis.RedisAutoConfiguration$$EnhancerBySpringCGLIB$$40edff2a] is not eligible for getting processed by all BeanPostProcessors (for example: not eligible for auto-proxying)
2018-06-22 11:29:51.482  INFO  org.springframework.context.support.PostProcessorRegistrationDelegate$BeanPostProcessorChecker : Bean 'org.springframework.boot.context.properties.ConversionServiceDeducer$Factory' of type [org.springframework.boot.context.properties.ConversionServiceDeducer$Factory] is not eligible for getting processed by all BeanPostProcessors (for example: not eligible for auto-proxying)
2018-06-22 11:29:51.529  INFO  org.springframework.context.support.PostProcessorRegistrationDelegate$BeanPostProcessorChecker : Bean 'spring.redis-org.springframework.boot.autoconfigure.data.redis.RedisProperties' of type [org.springframework.boot.autoconfigure.data.redis.RedisProperties] is not eligible for getting processed by all BeanPostProcessors (for example: not eligible for auto-proxying)
2018-06-22 11:29:51.547  INFO  org.springframework.context.support.PostProcessorRegistrationDelegate$BeanPostProcessorChecker : Bean 'org.springframework.boot.autoconfigure.data.redis.JedisConnectionConfiguration' of type [org.springframework.boot.autoconfigure.data.redis.JedisConnectionConfiguration$$EnhancerBySpringCGLIB$$ec928583] is not eligible for getting processed by all BeanPostProcessors (for example: not eligible for auto-proxying)
2018-06-22 11:29:51.626  INFO  org.springframework.context.support.PostProcessorRegistrationDelegate$BeanPostProcessorChecker : Bean 'redisConnectionFactory' of type [org.springframework.data.redis.connection.jedis.JedisConnectionFactory] is not eligible for getting processed by all BeanPostProcessors (for example: not eligible for auto-proxying)
2018-06-22 11:29:51.707  INFO  org.springframework.context.support.PostProcessorRegistrationDelegate$BeanPostProcessorChecker : Bean 'redisTemplate' of type [org.springframework.data.redis.core.RedisTemplate] is not eligible for getting processed by all BeanPostProcessors (for example: not eligible for auto-proxying)
2018-06-22 11:29:51.708  INFO  org.springframework.context.support.PostProcessorRegistrationDelegate$BeanPostProcessorChecker : Bean 'shiroRedisCacheManager' of type [com.hangxin.shiro.redis.RedisCacheManager] is not eligible for getting processed by all BeanPostProcessors (for example: not eligible for auto-proxying)
2018-06-22 11:29:51.755  INFO  org.springframework.context.support.PostProcessorRegistrationDelegate$BeanPostProcessorChecker : Bean 'enterpriseSessionDao' of type [org.apache.shiro.session.mgt.eis.EnterpriseCacheSessionDAO] is not eligible for getting processed by all BeanPostProcessors (for example: not eligible for auto-proxying)
2018-06-22 11:29:51.770  INFO  org.springframework.context.support.PostProcessorRegistrationDelegate$BeanPostProcessorChecker : Bean 'sessionManager' of type [com.hangxin.shiro.shiro.QyDefaultWebSessionManager] is not eligible for getting processed by all BeanPostProcessors (for example: not eligible for auto-proxying)
2018-06-22 11:29:51.784  INFO  org.springframework.context.support.PostProcessorRegistrationDelegate$BeanPostProcessorChecker : Bean 'securityManager' of type [org.apache.shiro.web.mgt.DefaultWebSecurityManager] is not eligible for getting processed by all BeanPostProcessors (for example: not eligible for auto-proxying)
2018-06-22 11:29:51.826  INFO  org.springframework.context.support.PostProcessorRegistrationDelegate$BeanPostProcessorChecker : Bean 'customFormAuthenticationFilter' of type [com.hangxin.shiro.shiro.CustomFormAuthenticationFilter] is not eligible for getting processed by all BeanPostProcessors (for example: not eligible for auto-proxying)
2018-06-22 11:29:51.992  INFO  org.springframework.context.support.PostProcessorRegistrationDelegate$BeanPostProcessorChecker : Bean 'getAuthorizationAttributeSourceAdvisor' of type [org.apache.shiro.spring.security.interceptor.AuthorizationAttributeSourceAdvisor] is not eligible for getting processed by all BeanPostProcessors (for example: not eligible for auto-proxying)
2018-06-22 11:29:52.497  INFO  org.springframework.context.support.PostProcessorRegistrationDelegate$BeanPostProcessorChecker : Bean 'myBatisConfig' of type [com.hangxin.common.db.MyBatisConfig$$EnhancerBySpringCGLIB$$89b301cb] is not eligible for getting processed by all BeanPostProcessors (for example: not eligible for auto-proxying)
2018-06-22 11:29:52.571  INFO  com.mchange.v2.log.MLog : MLog clients using slf4j logging.
2018-06-22 11:29:52.876  INFO  com.mchange.v2.c3p0.C3P0Registry : Initializing c3p0-0.9.1.2 [built 21-May-2007 15:04:56; debug? true; trace: 10]
2018-06-22 11:29:52.928  INFO  org.springframework.context.support.PostProcessorRegistrationDelegate$BeanPostProcessorChecker : Bean 'dataSource1' of type [com.mchange.v2.c3p0.ComboPooledDataSource] is not eligible for getting processed by all BeanPostProcessors (for example: not eligible for auto-proxying)
2018-06-22 11:29:53.043  INFO  org.springframework.context.support.PostProcessorRegistrationDelegate$BeanPostProcessorChecker : Bean 'spring.datasource-org.springframework.boot.autoconfigure.jdbc.DataSourceProperties' of type [org.springframework.boot.autoconfigure.jdbc.DataSourceProperties] is not eligible for getting processed by all BeanPostProcessors (for example: not eligible for auto-proxying)
2018-06-22 11:29:53.074  INFO  org.springframework.context.support.PostProcessorRegistrationDelegate$BeanPostProcessorChecker : Bean 'org.springframework.boot.autoconfigure.jdbc.DataSourceInitializerInvoker' of type [org.springframework.boot.autoconfigure.jdbc.DataSourceInitializerInvoker] is not eligible for getting processed by all BeanPostProcessors (for example: not eligible for auto-proxying)
2018-06-22 11:29:53.092  INFO  org.springframework.context.support.PostProcessorRegistrationDelegate$BeanPostProcessorChecker : Bean 'annotationDrivenTransactionManager' of type [org.springframework.jdbc.datasource.DataSourceTransactionManager] is not eligible for getting processed by all BeanPostProcessors (for example: not eligible for auto-proxying)
2018-06-22 11:29:53.117  INFO  org.springframework.context.support.PostProcessorRegistrationDelegate$BeanPostProcessorChecker : Bean 'org.springframework.transaction.annotation.ProxyTransactionManagementConfiguration' of type [org.springframework.transaction.annotation.ProxyTransactionManagementConfiguration$$EnhancerBySpringCGLIB$$4b56d3ee] is not eligible for getting processed by all BeanPostProcessors (for example: not eligible for auto-proxying)
2018-06-22 11:29:53.208  INFO  org.springframework.context.support.PostProcessorRegistrationDelegate$BeanPostProcessorChecker : Bean 'org.springframework.integration.config.IntegrationManagementConfiguration' of type [org.springframework.integration.config.IntegrationManagementConfiguration$$EnhancerBySpringCGLIB$$b6488f1d] is not eligible for getting processed by all BeanPostProcessors (for example: not eligible for auto-proxying)
2018-06-22 11:29:53.283  INFO  org.springframework.context.support.PostProcessorRegistrationDelegate$BeanPostProcessorChecker : Bean 'org.springframework.integration.dsl.context.IntegrationFlowContext' of type [org.springframework.integration.dsl.context.IntegrationFlowContext] is not eligible for getting processed by all BeanPostProcessors (for example: not eligible for auto-proxying)
2018-06-22 11:29:53.560  INFO  org.eclipse.jetty.util.log : Logging initialized @7518ms to org.eclipse.jetty.util.log.Slf4jLog
2018-06-22 11:29:53.706  INFO  org.springframework.boot.web.embedded.jetty.JettyServletWebServerFactory : Server initialized with port: 9014
2018-06-22 11:29:53.710  INFO  org.eclipse.jetty.server.Server : jetty-9.4.11.v20180605; built: 2018-06-05T18:24:03.829Z; git: d5fc0523cfa96bfebfbda19606cad384d772f04c; jvm 1.8.0_152-b16
2018-06-22 11:29:53.905  INFO  org.eclipse.jetty.server.session : DefaultSessionIdManager workerName=node0
2018-06-22 11:29:53.906  INFO  org.eclipse.jetty.server.session : No SessionScavenger set, using defaults
2018-06-22 11:29:53.910  INFO  org.eclipse.jetty.server.session : node0 Scavenging every 600000ms
2018-06-22 11:29:53.920  INFO  org.eclipse.jetty.server.handler.ContextHandler.application : Initializing Spring embedded WebApplicationContext
2018-06-22 11:29:53.921  INFO  org.springframework.web.context.ContextLoader : Root WebApplicationContext: initialization completed in 6133 ms
2018-06-22 11:29:54.294  INFO  org.springframework.boot.web.servlet.FilterRegistrationBean : Mapping filter: 'characterEncodingFilter' to: [/*]
2018-06-22 11:29:54.294  INFO  org.springframework.boot.web.servlet.FilterRegistrationBean : Mapping filter: 'hiddenHttpMethodFilter' to: [/*]
2018-06-22 11:29:54.294  INFO  org.springframework.boot.web.servlet.FilterRegistrationBean : Mapping filter: 'httpPutFormContentFilter' to: [/*]
2018-06-22 11:29:54.295  INFO  org.springframework.boot.web.servlet.FilterRegistrationBean : Mapping filter: 'requestContextFilter' to: [/*]
2018-06-22 11:29:54.295  INFO  org.springframework.boot.web.servlet.FilterRegistrationBean : Mapping filter: 'xssFilter' to urls: [/*]
2018-06-22 11:29:54.296  INFO  org.springframework.boot.web.servlet.FilterRegistrationBean : Mapping filter: 'delegatingFilterProxy' to urls: [/*]
2018-06-22 11:29:54.296  INFO  org.springframework.boot.web.servlet.FilterRegistrationBean : Mapping filter: 'customFormAuthenticationFilter' to: [/*]
2018-06-22 11:29:54.297  INFO  org.springframework.boot.web.servlet.FilterRegistrationBean : Mapping filter: 'shiroFilter' to: [/*]
2018-06-22 11:29:54.297  INFO  org.springframework.boot.web.servlet.ServletRegistrationBean : Servlet dispatcherServlet mapped to [/]
2018-06-22 11:29:54.304  INFO  org.eclipse.jetty.server.handler.ContextHandler : Started o.s.b.w.e.j.JettyEmbeddedWebAppContext@45e617c4{application,/,[file:///C:/Users/Lenovo/AppData/Local/Temp/jetty-docbase.5597391593520703988.9014/, jar:file:/C:/Users/Lenovo/.m2/repository/io/springfox/springfox-swagger-ui/2.4.0/springfox-swagger-ui-2.4.0.jar!/META-INF/resources],AVAILABLE}
2018-06-22 11:29:54.305  INFO  org.eclipse.jetty.server.Server : Started @8266ms
2018-06-22 11:29:54.415  INFO  com.hangxin.common.redis.RedisClientPool : ****初始化Redis客户端****
2018-06-22 11:29:54.416  INFO  com.hangxin.common.redis.RedisClientPool : Redis服务器地址：127.0.0.1:6379
2018-06-22 11:29:55.863  INFO  org.springframework.web.servlet.mvc.method.annotation.RequestMappingHandlerMapping : Mapped "{[/hello],methods=[POST]}" onto public java.lang.String com.hangxin.controller.HelloWorldController.hello()
2018-06-22 11:29:55.865  INFO  org.springframework.web.servlet.mvc.method.annotation.RequestMappingHandlerMapping : Mapped "{[/jenkins],methods=[POST]}" onto public java.lang.String com.hangxin.controller.JenkinsController.JenkinsName()
2018-06-22 11:29:55.866  INFO  org.springframework.web.servlet.mvc.method.annotation.RequestMappingHandlerMapping : Mapped "{[/getPeopleInfoFromCache],methods=[POST]}" onto public com.hangxin.basic.Result com.hangxin.controller.PeopleController.getPeopleInfoFromCache() throws java.lang.Exception
2018-06-22 11:29:55.866  INFO  org.springframework.web.servlet.mvc.method.annotation.RequestMappingHandlerMapping : Mapped "{[/peopleInsert],methods=[POST]}" onto public com.hangxin.basic.Result com.hangxin.controller.PeopleController.peopleInsert() throws java.lang.Exception
2018-06-22 11:29:55.867  INFO  org.springframework.web.servlet.mvc.method.annotation.RequestMappingHandlerMapping : Mapped "{[/peopleInsertXml],methods=[POST]}" onto public com.hangxin.basic.Result com.hangxin.controller.PeopleController.peopleInserXml(java.lang.String) throws java.lang.Exception
2018-06-22 11:29:55.867  INFO  org.springframework.web.servlet.mvc.method.annotation.RequestMappingHandlerMapping : Mapped "{[/getPeopleInfo],methods=[POST]}" onto public com.hangxin.basic.Result com.hangxin.controller.PeopleController.getPeopleInfo() throws java.lang.Exception
2018-06-22 11:29:55.873  INFO  org.springframework.web.servlet.mvc.method.annotation.RequestMappingHandlerMapping : Mapped "{[/showApi]}" onto public java.lang.String com.hangxin.controller.SwaggerController.showApi()
2018-06-22 11:29:55.875  INFO  org.springframework.web.servlet.mvc.method.annotation.RequestMappingHandlerMapping : Mapped "{[/v2/api-docs],methods=[GET],produces=[application/json || application/hal+json]}" onto public org.springframework.http.ResponseEntity<springfox.documentation.spring.web.json.Json> springfox.documentation.swagger2.web.Swagger2Controller.getDocumentation(java.lang.String,javax.servlet.http.HttpServletRequest)
2018-06-22 11:29:55.879  INFO  org.springframework.web.servlet.mvc.method.annotation.RequestMappingHandlerMapping : Mapped "{[/configuration/security]}" onto org.springframework.http.ResponseEntity<springfox.documentation.swagger.web.SecurityConfiguration> springfox.documentation.swagger.web.ApiResourceController.securityConfiguration()
2018-06-22 11:29:55.880  INFO  org.springframework.web.servlet.mvc.method.annotation.RequestMappingHandlerMapping : Mapped "{[/configuration/ui]}" onto org.springframework.http.ResponseEntity<springfox.documentation.swagger.web.UiConfiguration> springfox.documentation.swagger.web.ApiResourceController.uiConfiguration()
2018-06-22 11:29:55.881  INFO  org.springframework.web.servlet.mvc.method.annotation.RequestMappingHandlerMapping : Mapped "{[/swagger-resources]}" onto org.springframework.http.ResponseEntity<java.util.List<springfox.documentation.swagger.web.SwaggerResource>> springfox.documentation.swagger.web.ApiResourceController.swaggerResources()
2018-06-22 11:29:55.884  INFO  org.springframework.web.servlet.mvc.method.annotation.RequestMappingHandlerMapping : Mapped "{[/error]}" onto public org.springframework.http.ResponseEntity<java.util.Map<java.lang.String, java.lang.Object>> org.springframework.boot.autoconfigure.web.servlet.error.BasicErrorController.error(javax.servlet.http.HttpServletRequest)
2018-06-22 11:29:55.885  INFO  org.springframework.web.servlet.mvc.method.annotation.RequestMappingHandlerMapping : Mapped "{[/error],produces=[text/html]}" onto public org.springframework.web.servlet.ModelAndView org.springframework.boot.autoconfigure.web.servlet.error.BasicErrorController.errorHtml(javax.servlet.http.HttpServletRequest,javax.servlet.http.HttpServletResponse)
2018-06-22 11:29:56.174  INFO  org.springframework.scheduling.concurrent.ThreadPoolTaskExecutor : Initializing ExecutorService 
2018-06-22 11:29:56.181  INFO  org.springframework.scheduling.concurrent.ThreadPoolTaskExecutor : Initializing ExecutorService  'taskExecutor'
2018-06-22 11:29:56.352  INFO  org.springframework.web.servlet.handler.SimpleUrlHandlerMapping : Mapped URL path [/**/favicon.ico] onto handler of type [class org.springframework.web.servlet.resource.ResourceHttpRequestHandler]
2018-06-22 11:29:56.707  INFO  org.springframework.web.servlet.mvc.method.annotation.RequestMappingHandlerAdapter : Looking for @ControllerAdvice: org.springframework.boot.web.servlet.context.AnnotationConfigServletWebServerApplicationContext@409bf450: startup date [Fri Jun 22 11:29:47 CST 2018]; root of context hierarchy
2018-06-22 11:29:56.907  INFO  org.springframework.web.servlet.handler.SimpleUrlHandlerMapping : Mapped URL path [/webjars/**] onto handler of type [class org.springframework.web.servlet.resource.ResourceHttpRequestHandler]
2018-06-22 11:29:56.908  INFO  org.springframework.web.servlet.handler.SimpleUrlHandlerMapping : Mapped URL path [/**] onto handler of type [class org.springframework.web.servlet.resource.ResourceHttpRequestHandler]
2018-06-22 11:29:56.953  INFO  org.springframework.web.servlet.mvc.method.annotation.ExceptionHandlerExceptionResolver : Detected @ExceptionHandler methods in globalExceptionHandler
2018-06-22 11:29:58.029  INFO  org.springframework.ui.freemarker.SpringTemplateLoader : SpringTemplateLoader for FreeMarker: using resource loader [org.springframework.boot.web.servlet.context.AnnotationConfigServletWebServerApplicationContext@409bf450: startup date [Fri Jun 22 11:29:47 CST 2018]; root of context hierarchy] and template loader path [classpath:/templates/]
2018-06-22 11:29:58.030  INFO  org.springframework.web.servlet.view.freemarker.FreeMarkerConfigurer : ClassTemplateLoader for Spring macros added to FreeMarker configuration
2018-06-22 11:29:58.090  WARN  org.springframework.boot.autoconfigure.freemarker.FreeMarkerAutoConfiguration : Cannot find template location(s): [classpath:/templates/] (please add some templates, check your FreeMarker configuration, or set spring.freemarker.checkTemplateLocation=false)
2018-06-22 11:29:58.289  INFO  org.springframework.scheduling.concurrent.ThreadPoolTaskScheduler : Initializing ExecutorService  'taskScheduler'
2018-06-22 11:29:58.564  INFO  com.mchange.v2.c3p0.impl.AbstractPoolBackedDataSource : Initializing c3p0 pool... com.mchange.v2.c3p0.ComboPooledDataSource [ acquireIncrement -> 3, acquireRetryAttempts -> 30, acquireRetryDelay -> 1000, autoCommitOnClose -> false, automaticTestTable -> null, breakAfterAcquireFailure -> false, checkoutTimeout -> 0, connectionCustomizerClassName -> null, connectionTesterClassName -> com.mchange.v2.c3p0.impl.DefaultConnectionTester, dataSourceName -> dataSourceKeyRW, debugUnreturnedConnectionStackTraces -> false, description -> null, driverClass -> com.mysql.jdbc.Driver, factoryClassLocation -> null, forceIgnoreUnresolvedTransactions -> false, identityToken -> 1hgepkx9waezjz27l9usl|43bdaa1b, idleConnectionTestPeriod -> 0, initialPoolSize -> 20, jdbcUrl -> jdbc:mysql://127.0.0.1:3306/springboot?useUnicode=true&characterEncoding=UTF-8&zeroDateTimeBehavior=convertToNull&allowMultiQueries=true&useSSL=true, maxAdministrativeTaskTime -> 0, maxConnectionAge -> 0, maxIdleTime -> 100, maxIdleTimeExcessConnections -> 0, maxPoolSize -> 50, maxStatements -> 0, maxStatementsPerConnection -> 0, minPoolSize -> 20, numHelperThreads -> 3, numThreadsAwaitingCheckoutDefaultUser -> 0, preferredTestQuery -> null, properties -> {user=******, password=******}, propertyCycle -> 0, testConnectionOnCheckin -> false, testConnectionOnCheckout -> false, unreturnedConnectionTimeout -> 0, usesTraditionalReflectiveProxies -> false ]
2018-06-22 11:29:59.161  INFO  org.quartz.impl.StdSchedulerFactory : Using default implementation for ThreadExecutor
2018-06-22 11:29:59.180  INFO  org.quartz.core.SchedulerSignalerImpl : Initialized Scheduler Signaller of type: class org.quartz.core.SchedulerSignalerImpl
2018-06-22 11:29:59.181  INFO  org.quartz.core.QuartzScheduler : Quartz Scheduler v.2.3.0 created.
2018-06-22 11:29:59.182  INFO  org.quartz.simpl.RAMJobStore : RAMJobStore initialized.
2018-06-22 11:29:59.183  INFO  org.quartz.core.QuartzScheduler : Scheduler meta-data: Quartz Scheduler (v2.3.0) 'quartzScheduler' with instanceId 'NON_CLUSTERED'
  Scheduler class: 'org.quartz.core.QuartzScheduler' - running locally.
  NOT STARTED.
  Currently in standby mode.
  Number of jobs executed: 0
  Using thread pool 'org.quartz.simpl.SimpleThreadPool' - with 10 threads.
  Using job-store 'org.quartz.simpl.RAMJobStore' - which does not support persistence. and is not clustered.

2018-06-22 11:29:59.183  INFO  org.quartz.impl.StdSchedulerFactory : Quartz scheduler 'quartzScheduler' initialized from an externally provided properties instance.
2018-06-22 11:29:59.183  INFO  org.quartz.impl.StdSchedulerFactory : Quartz scheduler version: 2.3.0
2018-06-22 11:29:59.184  INFO  org.quartz.core.QuartzScheduler : JobFactory set to: org.springframework.boot.autoconfigure.quartz.AutowireCapableBeanJobFactory@61c4cebd
2018-06-22 11:29:59.516  INFO  org.springframework.jmx.export.annotation.AnnotationMBeanExporter : Registering beans for JMX exposure on startup
2018-06-22 11:29:59.538  INFO  org.springframework.context.support.DefaultLifecycleProcessor : Starting beans in phase 0
2018-06-22 11:29:59.539  INFO  org.springframework.integration.endpoint.EventDrivenConsumer : Adding {logging-channel-adapter:_org.springframework.integration.errorLogger} as a subscriber to the 'errorChannel' channel
2018-06-22 11:29:59.539  INFO  org.springframework.integration.channel.PublishSubscribeChannel : Channel 'application.errorChannel' has 1 subscriber(s).
2018-06-22 11:29:59.539  INFO  org.springframework.integration.endpoint.EventDrivenConsumer : started _org.springframework.integration.errorLogger
2018-06-22 11:29:59.539  INFO  org.springframework.context.support.DefaultLifecycleProcessor : Starting beans in phase 2147483647
2018-06-22 11:29:59.539  INFO  org.springframework.scheduling.quartz.SchedulerFactoryBean : Starting Quartz Scheduler now
2018-06-22 11:29:59.540  INFO  org.quartz.core.QuartzScheduler : Scheduler quartzScheduler_$_NON_CLUSTERED started.
2018-06-22 11:29:59.549  INFO  springfox.documentation.spring.web.plugins.DocumentationPluginsBootstrapper : Context refreshed
2018-06-22 11:29:59.586  INFO  springfox.documentation.spring.web.plugins.DocumentationPluginsBootstrapper : Found 1 custom documentation plugin(s)
2018-06-22 11:29:59.600  INFO  springfox.documentation.spring.web.scanners.ApiListingReferenceScanner : Scanning for api listing references
2018-06-22 11:30:00.318  INFO  org.eclipse.jetty.server.handler.ContextHandler.application : Initializing Spring FrameworkServlet 'dispatcherServlet'
2018-06-22 11:30:00.319  INFO  org.springframework.web.servlet.DispatcherServlet : FrameworkServlet 'dispatcherServlet': initialization started
2018-06-22 11:30:00.346  INFO  org.springframework.web.servlet.DispatcherServlet : FrameworkServlet 'dispatcherServlet': initialization completed in 27 ms
2018-06-22 11:30:00.381  INFO  org.eclipse.jetty.server.AbstractConnector : Started ServerConnector@8aa5ab4{HTTP/1.1,[http/1.1]}{0.0.0.0:9014}
2018-06-22 11:30:00.384  INFO  org.springframework.boot.web.embedded.jetty.JettyWebServer : Jetty started on port(s) 9014 (http/1.1) with context path '/'
2018-06-22 11:30:00.389  INFO  com.hangxin.SpringBootAdminApplication : Started SpringBootAdminApplication in 13.293 seconds (JVM running for 14.349)
